mode: atomic
github.com/nhassl3/hairdress_arz/internal/domain/session.go:22.51,24.2 1 0
github.com/nhassl3/hairdress_arz/internal/domain/session.go:29.54,30.14 1 0
github.com/nhassl3/hairdress_arz/internal/domain/session.go:30.14,32.3 1 0
github.com/nhassl3/hairdress_arz/internal/domain/session.go:33.2,33.32 1 0
github.com/nhassl3/hairdress_arz/internal/domain/user.go:24.48,26.2 1 0
github.com/nhassl3/hairdress_arz/internal/domain/user.go:28.51,29.14 1 0
github.com/nhassl3/hairdress_arz/internal/domain/user.go:29.14,31.3 1 0
github.com/nhassl3/hairdress_arz/internal/domain/user.go:32.2,32.32 1 0
github.com/nhassl3/hairdress_arz/internal/domain/user.go:52.58,54.2 1 0
github.com/nhassl3/hairdress_arz/internal/domain/user.go:56.61,57.14 1 0
github.com/nhassl3/hairdress_arz/internal/domain/user.go:57.14,59.3 1 0
github.com/nhassl3/hairdress_arz/internal/domain/user.go:60.2,60.32 1 0
github.com/nhassl3/hairdress_arz/internal/domain/user.go:71.55,73.2 1 0
github.com/nhassl3/hairdress_arz/internal/domain/user.go:75.58,76.14 1 0
github.com/nhassl3/hairdress_arz/internal/domain/user.go:76.14,78.3 1 0
github.com/nhassl3/hairdress_arz/internal/domain/user.go:79.2,79.32 1 0
github.com/nhassl3/hairdress_arz/internal/domain/user.go:82.110,90.2 1 0
github.com/nhassl3/hairdress_arz/internal/repository/postgres/booking_repo.go:18.63,22.2 1 7
github.com/nhassl3/hairdress_arz/internal/repository/postgres/booking_repo.go:24.129,35.16 2 4
github.com/nhassl3/hairdress_arz/internal/repository/postgres/booking_repo.go:35.16,36.59 1 3
github.com/nhassl3/hairdress_arz/internal/repository/postgres/booking_repo.go:36.59,37.22 1 2
github.com/nhassl3/hairdress_arz/internal/repository/postgres/booking_repo.go:38.17,39.40 1 1
github.com/nhassl3/hairdress_arz/internal/repository/postgres/booking_repo.go:40.12,41.113 1 1
github.com/nhassl3/hairdress_arz/internal/repository/postgres/booking_repo.go:44.3,44.90 1 1
github.com/nhassl3/hairdress_arz/internal/repository/postgres/booking_repo.go:46.2,46.38 1 1
github.com/nhassl3/hairdress_arz/internal/repository/postgres/booking_repo.go:49.125,57.16 2 3
github.com/nhassl3/hairdress_arz/internal/repository/postgres/booking_repo.go:57.16,59.3 1 1
github.com/nhassl3/hairdress_arz/internal/repository/postgres/booking_repo.go:60.2,61.27 2 2
github.com/nhassl3/hairdress_arz/internal/repository/postgres/booking_repo.go:61.27,63.3 1 1
github.com/nhassl3/hairdress_arz/internal/repository/postgres/booking_repo.go:64.2,64.28 1 1
github.com/nhassl3/hairdress_arz/internal/repository/postgres/helpers.go:13.40,14.30 1 7
github.com/nhassl3/hairdress_arz/internal/repository/postgres/helpers.go:14.30,19.3 1 7
github.com/nhassl3/hairdress_arz/internal/repository/postgres/helpers.go:20.2,20.22 1 0
github.com/nhassl3/hairdress_arz/internal/repository/postgres/helpers.go:23.37,24.25 1 3
github.com/nhassl3/hairdress_arz/internal/repository/postgres/helpers.go:24.25,26.3 1 3
github.com/nhassl3/hairdress_arz/internal/repository/postgres/helpers.go:27.2,30.3 1 0
github.com/nhassl3/hairdress_arz/internal/repository/postgres/helpers.go:33.37,34.25 1 6
github.com/nhassl3/hairdress_arz/internal/repository/postgres/helpers.go:34.25,36.3 1 6
github.com/nhassl3/hairdress_arz/internal/repository/postgres/helpers.go:37.2,40.3 1 0
github.com/nhassl3/hairdress_arz/internal/repository/postgres/helpers.go:43.40,44.15 1 4
github.com/nhassl3/hairdress_arz/internal/repository/postgres/helpers.go:44.15,46.3 1 0
github.com/nhassl3/hairdress_arz/internal/repository/postgres/helpers.go:47.2,47.28 1 4
github.com/nhassl3/hairdress_arz/internal/repository/postgres/helpers.go:50.45,51.34 1 3
github.com/nhassl3/hairdress_arz/internal/repository/postgres/helpers.go:51.34,53.3 1 3
github.com/nhassl3/hairdress_arz/internal/repository/postgres/helpers.go:54.2,54.62 1 0
github.com/nhassl3/hairdress_arz/internal/repository/postgres/helpers.go:57.59,58.14 1 0
github.com/nhassl3/hairdress_arz/internal/repository/postgres/helpers.go:58.14,60.3 1 0
github.com/nhassl3/hairdress_arz/internal/repository/postgres/helpers.go:61.2,61.20 1 0
github.com/nhassl3/hairdress_arz/internal/repository/postgres/helpers.go:64.40,66.2 1 2
github.com/nhassl3/hairdress_arz/internal/repository/postgres/helpers.go:68.66,69.14 1 8
github.com/nhassl3/hairdress_arz/internal/repository/postgres/helpers.go:69.14,71.3 1 8
github.com/nhassl3/hairdress_arz/internal/repository/postgres/helpers.go:72.2,72.20 1 0
github.com/nhassl3/hairdress_arz/internal/repository/postgres/helpers.go:75.50,77.2 1 8
github.com/nhassl3/hairdress_arz/internal/repository/postgres/helpers.go:79.47,91.2 1 0
github.com/nhassl3/hairdress_arz/internal/repository/postgres/helpers.go:93.52,104.2 1 0
github.com/nhassl3/hairdress_arz/internal/repository/postgres/helpers.go:106.58,107.39 1 2
github.com/nhassl3/hairdress_arz/internal/repository/postgres/helpers.go:107.39,109.3 1 0
github.com/nhassl3/hairdress_arz/internal/repository/postgres/helpers.go:110.2,122.3 1 2
github.com/nhassl3/hairdress_arz/internal/repository/postgres/helpers.go:125.64,126.43 1 2
github.com/nhassl3/hairdress_arz/internal/repository/postgres/helpers.go:126.43,128.3 1 1
github.com/nhassl3/hairdress_arz/internal/repository/postgres/helpers.go:129.2,130.35 2 1
github.com/nhassl3/hairdress_arz/internal/repository/postgres/helpers.go:130.35,132.24 2 1
github.com/nhassl3/hairdress_arz/internal/repository/postgres/helpers.go:132.24,134.4 1 1
github.com/nhassl3/hairdress_arz/internal/repository/postgres/helpers.go:136.2,136.23 1 1
github.com/nhassl3/hairdress_arz/internal/repository/postgres/user_repo.go:19.51,23.2 1 0
github.com/nhassl3/hairdress_arz/internal/repository/postgres/user_repo.go:27.106,30.61 2 0
github.com/nhassl3/hairdress_arz/internal/repository/postgres/user_repo.go:30.61,34.19 3 0
github.com/nhassl3/hairdress_arz/internal/repository/postgres/user_repo.go:34.19,36.4 1 0
github.com/nhassl3/hairdress_arz/internal/repository/postgres/user_repo.go:37.3,37.20 1 0
github.com/nhassl3/hairdress_arz/internal/repository/postgres/user_repo.go:37.20,39.4 1 0
github.com/nhassl3/hairdress_arz/internal/repository/postgres/user_repo.go:42.3,43.19 2 0
github.com/nhassl3/hairdress_arz/internal/repository/postgres/user_repo.go:43.19,45.4 1 0
github.com/nhassl3/hairdress_arz/internal/repository/postgres/user_repo.go:46.3,46.23 1 0
github.com/nhassl3/hairdress_arz/internal/repository/postgres/user_repo.go:46.23,48.4 1 0
github.com/nhassl3/hairdress_arz/internal/repository/postgres/user_repo.go:50.3,55.19 2 0
github.com/nhassl3/hairdress_arz/internal/repository/postgres/user_repo.go:55.19,59.62 1 0
github.com/nhassl3/hairdress_arz/internal/repository/postgres/user_repo.go:59.62,60.30 1 0
github.com/nhassl3/hairdress_arz/internal/repository/postgres/user_repo.go:60.30,62.6 1 0
github.com/nhassl3/hairdress_arz/internal/repository/postgres/user_repo.go:64.4,64.16 1 0
github.com/nhassl3/hairdress_arz/internal/repository/postgres/user_repo.go:67.3,67.13 1 0
github.com/nhassl3/hairdress_arz/internal/repository/postgres/user_repo.go:68.17,70.3 1 0
github.com/nhassl3/hairdress_arz/internal/repository/postgres/user_repo.go:72.2,72.33 1 0
github.com/nhassl3/hairdress_arz/internal/repository/postgres/user_repo.go:75.97,77.16 2 0
github.com/nhassl3/hairdress_arz/internal/repository/postgres/user_repo.go:77.16,78.36 1 0
github.com/nhassl3/hairdress_arz/internal/repository/postgres/user_repo.go:78.36,80.4 1 0
github.com/nhassl3/hairdress_arz/internal/repository/postgres/user_repo.go:81.3,81.72 1 0
github.com/nhassl3/hairdress_arz/internal/repository/postgres/user_repo.go:83.2,83.33 1 0
github.com/nhassl3/hairdress_arz/internal/repository/postgres/user_repo.go:86.91,88.16 2 0
github.com/nhassl3/hairdress_arz/internal/repository/postgres/user_repo.go:88.16,89.36 1 0
github.com/nhassl3/hairdress_arz/internal/repository/postgres/user_repo.go:89.36,91.4 1 0
github.com/nhassl3/hairdress_arz/internal/repository/postgres/user_repo.go:92.3,92.87 1 0
github.com/nhassl3/hairdress_arz/internal/repository/postgres/user_repo.go:94.2,94.33 1 0
github.com/nhassl3/hairdress_arz/internal/repository/postgres/user_repo.go:97.103,99.16 2 0
github.com/nhassl3/hairdress_arz/internal/repository/postgres/user_repo.go:99.16,100.36 1 0
github.com/nhassl3/hairdress_arz/internal/repository/postgres/user_repo.go:100.36,102.4 1 0
github.com/nhassl3/hairdress_arz/internal/repository/postgres/user_repo.go:103.3,103.72 1 0
github.com/nhassl3/hairdress_arz/internal/repository/postgres/user_repo.go:105.2,105.33 1 0
github.com/nhassl3/hairdress_arz/internal/repository/postgres/user_repo.go:108.92,110.2 1 0
github.com/nhassl3/hairdress_arz/internal/repository/postgres/user_repo.go:112.98,114.2 1 0
github.com/nhassl3/hairdress_arz/internal/repository/postgres/user_repo.go:116.86,118.2 1 0
github.com/nhassl3/hairdress_arz/internal/repository/postgres/user_repo.go:120.106,125.16 2 0
github.com/nhassl3/hairdress_arz/internal/repository/postgres/user_repo.go:125.16,126.36 1 0
github.com/nhassl3/hairdress_arz/internal/repository/postgres/user_repo.go:126.36,128.4 1 0
github.com/nhassl3/hairdress_arz/internal/repository/postgres/user_repo.go:129.3,129.77 1 0
github.com/nhassl3/hairdress_arz/internal/repository/postgres/user_repo.go:131.2,131.33 1 0
github.com/nhassl3/hairdress_arz/internal/repository/postgres/user_repo.go:134.83,136.2 1 0
github.com/nhassl3/hairdress_arz/internal/repository/postgres/user_repo.go:140.118,149.16 2 0
github.com/nhassl3/hairdress_arz/internal/repository/postgres/user_repo.go:149.16,151.3 1 0
github.com/nhassl3/hairdress_arz/internal/repository/postgres/user_repo.go:152.2,152.38 1 0
github.com/nhassl3/hairdress_arz/internal/repository/postgres/user_repo.go:155.101,157.16 2 0
github.com/nhassl3/hairdress_arz/internal/repository/postgres/user_repo.go:157.16,158.36 1 0
github.com/nhassl3/hairdress_arz/internal/repository/postgres/user_repo.go:158.36,160.4 1 0
github.com/nhassl3/hairdress_arz/internal/repository/postgres/user_repo.go:161.3,161.58 1 0
github.com/nhassl3/hairdress_arz/internal/repository/postgres/user_repo.go:163.2,163.34 1 0
github.com/nhassl3/hairdress_arz/internal/repository/postgres/user_repo.go:166.107,168.16 2 0
github.com/nhassl3/hairdress_arz/internal/repository/postgres/user_repo.go:168.16,169.36 1 0
github.com/nhassl3/hairdress_arz/internal/repository/postgres/user_repo.go:169.36,171.4 1 0
github.com/nhassl3/hairdress_arz/internal/repository/postgres/user_repo.go:172.3,172.68 1 0
github.com/nhassl3/hairdress_arz/internal/repository/postgres/user_repo.go:174.2,174.34 1 0
github.com/nhassl3/hairdress_arz/internal/repository/postgres/user_repo.go:177.81,178.64 1 0
github.com/nhassl3/hairdress_arz/internal/repository/postgres/user_repo.go:178.64,180.3 1 0
github.com/nhassl3/hairdress_arz/internal/repository/postgres/user_repo.go:181.2,181.12 1 0
github.com/nhassl3/hairdress_arz/pkg/reverse-enums/renums.go:3.53,6.22 2 0
github.com/nhassl3/hairdress_arz/pkg/reverse-enums/renums.go:6.22,8.3 1 0
github.com/nhassl3/hairdress_arz/pkg/reverse-enums/renums.go:10.2,10.15 1 0
github.com/nhassl3/hairdress_arz/cmd/hairdress_arz/main.go:11.13,13.22 2 0
github.com/nhassl3/hairdress_arz/cmd/hairdress_arz/main.go:13.22,15.14 2 0
github.com/nhassl3/hairdress_arz/cmd/hairdress_arz/main.go:16.15,17.35 1 0
github.com/nhassl3/hairdress_arz/cmd/hairdress_arz/main.go:18.11,19.36 1 0
github.com/nhassl3/hairdress_arz/cmd/hairdress_arz/main.go:23.2,24.19 2 0
github.com/nhassl3/hairdress_arz/cmd/hairdress_arz/main.go:24.19,26.3 1 0
github.com/nhassl3/hairdress_arz/cmd/hairdress_arz/main.go:28.2,29.16 2 0
github.com/nhassl3/hairdress_arz/cmd/hairdress_arz/main.go:29.16,31.3 1 0
github.com/nhassl3/hairdress_arz/cmd/hairdress_arz/main.go:33.2,33.37 1 0
github.com/nhassl3/hairdress_arz/cmd/hairdress_arz/main.go:33.37,35.3 1 0
github.com/nhassl3/hairdress_arz/internal/db/auth.sql.go:23.101,39.2 4 0
github.com/nhassl3/hairdress_arz/internal/db/auth.sql.go:53.87,69.2 4 0
github.com/nhassl3/hairdress_arz/internal/db/auth.sql.go:75.82,80.2 4 0
github.com/nhassl3/hairdress_arz/internal/db/auth.sql.go:86.94,91.2 4 0
github.com/nhassl3/hairdress_arz/internal/db/auth.sql.go:97.88,102.2 4 0
github.com/nhassl3/hairdress_arz/internal/db/auth.sql.go:108.83,124.2 4 0
github.com/nhassl3/hairdress_arz/internal/db/auth.sql.go:130.89,146.2 4 0
github.com/nhassl3/hairdress_arz/internal/db/auth.sql.go:152.89,168.2 4 0
github.com/nhassl3/hairdress_arz/internal/db/auth.sql.go:174.79,177.2 2 0
github.com/nhassl3/hairdress_arz/internal/db/auth.sql.go:190.87,206.2 4 0
github.com/nhassl3/hairdress_arz/internal/db/booking.sql.go:32.96,58.2 4 0
github.com/nhassl3/hairdress_arz/internal/db/booking.sql.go:77.92,85.16 2 0
github.com/nhassl3/hairdress_arz/internal/db/booking.sql.go:85.16,87.3 1 0
github.com/nhassl3/hairdress_arz/internal/db/booking.sql.go:88.2,90.18 3 0
github.com/nhassl3/hairdress_arz/internal/db/booking.sql.go:90.18,104.17 2 0
github.com/nhassl3/hairdress_arz/internal/db/booking.sql.go:104.17,106.4 1 0
github.com/nhassl3/hairdress_arz/internal/db/booking.sql.go:107.3,107.27 1 0
github.com/nhassl3/hairdress_arz/internal/db/booking.sql.go:109.2,109.35 1 0
github.com/nhassl3/hairdress_arz/internal/db/booking.sql.go:109.35,111.3 1 0
github.com/nhassl3/hairdress_arz/internal/db/booking.sql.go:112.2,112.19 1 0
github.com/nhassl3/hairdress_arz/internal/db/db.go:20.28,22.2 1 0
github.com/nhassl3/hairdress_arz/internal/db/db.go:28.46,32.2 1 0
github.com/nhassl3/hairdress_arz/internal/db/session.sql.go:35.96,56.2 4 0
github.com/nhassl3/hairdress_arz/internal/db/session.sql.go:62.77,65.2 2 0
github.com/nhassl3/hairdress_arz/internal/db/session.sql.go:73.89,87.2 4 0
github.com/nhassl3/hairdress_arz/internal/db/session.sql.go:95.95,109.2 4 0
github.com/nhassl3/hairdress_arz/internal/db/store.go:16.42,21.2 1 0
github.com/nhassl3/hairdress_arz/internal/db/store.go:23.76,25.16 2 0
github.com/nhassl3/hairdress_arz/internal/db/store.go:25.16,27.3 1 0
github.com/nhassl3/hairdress_arz/internal/db/store.go:28.2,33.16 3 0
github.com/nhassl3/hairdress_arz/internal/db/store.go:33.16,35.3 1 0
github.com/nhassl3/hairdress_arz/internal/db/store.go:36.2,38.40 2 0
github.com/nhassl3/hairdress_arz/internal/db/store.go:38.40,39.46 1 0
github.com/nhassl3/hairdress_arz/internal/db/store.go:39.46,41.4 1 0
github.com/nhassl3/hairdress_arz/internal/db/store.go:42.3,42.69 1 0
github.com/nhassl3/hairdress_arz/internal/db/store.go:45.2,45.23 1 0
github.com/nhassl3/hairdress_arz/internal/db/store.go:48.38,50.2 1 0
github.com/nhassl3/hairdress_arz/internal/db/store.go:54.72,56.16 2 0
github.com/nhassl3/hairdress_arz/internal/db/store.go:56.16,58.3 1 0
github.com/nhassl3/hairdress_arz/internal/db/store.go:59.2,59.30 1 0
github.com/nhassl3/hairdress_arz/internal/app/app.go:30.36,33.16 2 0
github.com/nhassl3/hairdress_arz/internal/app/app.go:33.16,35.3 1 0
github.com/nhassl3/hairdress_arz/internal/app/app.go:36.2,36.30 1 0
github.com/nhassl3/hairdress_arz/internal/app/app.go:36.30,38.3 1 0
github.com/nhassl3/hairdress_arz/internal/app/app.go:41.2,45.16 4 0
github.com/nhassl3/hairdress_arz/internal/app/app.go:45.16,47.3 1 0
github.com/nhassl3/hairdress_arz/internal/app/app.go:48.2,60.16 4 0
github.com/nhassl3/hairdress_arz/internal/app/app.go:60.16,62.3 1 0
github.com/nhassl3/hairdress_arz/internal/app/app.go:65.2,66.32 2 0
github.com/nhassl3/hairdress_arz/internal/app/app.go:66.32,67.49 1 0
github.com/nhassl3/hairdress_arz/internal/app/app.go:67.49,69.4 1 0
github.com/nhassl3/hairdress_arz/internal/app/app.go:70.3,70.97 1 0
github.com/nhassl3/hairdress_arz/internal/app/app.go:71.8,73.3 1 0
github.com/nhassl3/hairdress_arz/internal/app/app.go:76.2,80.16 3 0
github.com/nhassl3/hairdress_arz/internal/app/app.go:80.16,82.3 1 0
github.com/nhassl3/hairdress_arz/internal/app/app.go:83.2,83.15 1 0
github.com/nhassl3/hairdress_arz/internal/app/app.go:83.15,83.40 1 0
github.com/nhassl3/hairdress_arz/internal/app/app.go:84.2,89.16 4 0
github.com/nhassl3/hairdress_arz/internal/app/app.go:89.16,91.3 1 0
github.com/nhassl3/hairdress_arz/internal/app/app.go:92.2,92.15 1 0
github.com/nhassl3/hairdress_arz/internal/app/app.go:92.15,92.48 1 0
github.com/nhassl3/hairdress_arz/internal/app/app.go:93.2,106.16 4 0
github.com/nhassl3/hairdress_arz/internal/app/app.go:106.16,108.3 1 0
github.com/nhassl3/hairdress_arz/internal/app/app.go:109.2,109.15 1 0
github.com/nhassl3/hairdress_arz/internal/app/app.go:109.15,109.50 1 0
github.com/nhassl3/hairdress_arz/internal/app/app.go:110.2,125.16 4 0
github.com/nhassl3/hairdress_arz/internal/app/app.go:125.16,127.3 1 0
github.com/nhassl3/hairdress_arz/internal/app/app.go:128.2,131.16 3 0
github.com/nhassl3/hairdress_arz/internal/app/app.go:131.16,133.3 1 0
github.com/nhassl3/hairdress_arz/internal/app/app.go:136.2,158.12 6 0
github.com/nhassl3/hairdress_arz/internal/app/app.go:158.12,159.63 1 0
github.com/nhassl3/hairdress_arz/internal/app/app.go:159.63,161.4 1 0
github.com/nhassl3/hairdress_arz/internal/app/app.go:164.2,164.12 1 0
github.com/nhassl3/hairdress_arz/internal/app/app.go:164.12,165.96 1 0
github.com/nhassl3/hairdress_arz/internal/app/app.go:165.96,167.4 1 0
github.com/nhassl3/hairdress_arz/internal/app/app.go:170.2,179.9 4 0
github.com/nhassl3/hairdress_arz/internal/app/app.go:180.22,181.13 1 0
github.com/nhassl3/hairdress_arz/internal/app/app.go:182.14,186.42 4 0
github.com/nhassl3/hairdress_arz/internal/app/app.go:190.55,192.16 2 0
github.com/nhassl3/hairdress_arz/internal/app/app.go:192.16,194.3 1 0
github.com/nhassl3/hairdress_arz/internal/app/app.go:195.2,195.33 1 0
github.com/nhassl3/hairdress_arz/internal/app/app.go:195.33,197.3 1 0
github.com/nhassl3/hairdress_arz/internal/app/app.go:199.2,199.71 1 0
github.com/nhassl3/hairdress_arz/internal/app/app.go:199.71,201.3 1 0
github.com/nhassl3/hairdress_arz/internal/app/app.go:203.2,205.12 2 0
github.com/nhassl3/hairdress_arz/internal/config/config.go:97.62,124.42 25 0
github.com/nhassl3/hairdress_arz/internal/config/config.go:124.42,126.3 1 0
github.com/nhassl3/hairdress_arz/internal/config/config.go:128.2,137.42 8 0
github.com/nhassl3/hairdress_arz/internal/config/config.go:137.42,139.3 1 0
github.com/nhassl3/hairdress_arz/internal/config/config.go:142.2,189.17 41 0
github.com/nhassl3/hairdress_arz/internal/repository/redis/token_blacklist.go:22.62,24.2 1 0
github.com/nhassl3/hairdress_arz/internal/repository/redis/token_blacklist.go:27.96,29.14 2 0
github.com/nhassl3/hairdress_arz/internal/repository/redis/token_blacklist.go:29.14,31.3 1 0
github.com/nhassl3/hairdress_arz/internal/repository/redis/token_blacklist.go:33.2,33.72 1 0
github.com/nhassl3/hairdress_arz/internal/repository/redis/token_blacklist.go:37.87,39.16 2 0
github.com/nhassl3/hairdress_arz/internal/repository/redis/token_blacklist.go:39.16,40.32 1 0
github.com/nhassl3/hairdress_arz/internal/repository/redis/token_blacklist.go:40.32,42.4 1 0
github.com/nhassl3/hairdress_arz/internal/repository/redis/token_blacklist.go:43.3,43.20 1 0
github.com/nhassl3/hairdress_arz/internal/repository/redis/token_blacklist.go:45.2,45.33 1 0
github.com/nhassl3/hairdress_arz/internal/repository/redis/user_redis.go:25.92,31.2 1 0
github.com/nhassl3/hairdress_arz/internal/repository/redis/user_redis.go:33.89,36.78 2 0
github.com/nhassl3/hairdress_arz/internal/repository/redis/user_redis.go:36.78,37.32 1 0
github.com/nhassl3/hairdress_arz/internal/repository/redis/user_redis.go:37.32,39.4 1 0
github.com/nhassl3/hairdress_arz/internal/repository/redis/user_redis.go:40.3,40.18 1 0
github.com/nhassl3/hairdress_arz/internal/repository/redis/user_redis.go:42.2,42.19 1 0
github.com/nhassl3/hairdress_arz/internal/repository/redis/user_redis.go:45.98,47.2 1 0
github.com/nhassl3/hairdress_arz/internal/repository/redis/user_redis.go:49.76,51.2 1 0
github.com/nhassl3/hairdress_arz/internal/repository/redis/user_redis.go:53.92,55.16 2 0
github.com/nhassl3/hairdress_arz/internal/repository/redis/user_redis.go:55.16,56.32 1 0
github.com/nhassl3/hairdress_arz/internal/repository/redis/user_redis.go:56.32,58.4 1 0
github.com/nhassl3/hairdress_arz/internal/repository/redis/user_redis.go:59.3,59.24 1 0
github.com/nhassl3/hairdress_arz/internal/repository/redis/user_redis.go:61.2,62.31 2 0
github.com/nhassl3/hairdress_arz/internal/repository/redis/user_redis.go:65.78,67.2 1 0
github.com/nhassl3/hairdress_arz/internal/repository/redis/user_redis.go:69.78,71.2 1 0
github.com/nhassl3/hairdress_arz/internal/repository/redis/user_redis.go:73.92,76.81 2 0
github.com/nhassl3/hairdress_arz/internal/repository/redis/user_redis.go:76.81,77.32 1 0
github.com/nhassl3/hairdress_arz/internal/repository/redis/user_redis.go:77.32,79.4 1 0
github.com/nhassl3/hairdress_arz/internal/repository/redis/user_redis.go:80.3,80.94 1 0
github.com/nhassl3/hairdress_arz/internal/repository/redis/user_redis.go:83.2,83.22 1 0
github.com/nhassl3/hairdress_arz/internal/repository/redis/user_redis.go:86.84,88.2 1 0
github.com/nhassl3/hairdress_arz/internal/repository/redis/user_redis.go:90.76,92.2 1 0
github.com/nhassl3/hairdress_arz/internal/repository/redis/verify_redis.go:77.162,87.2 1 0
github.com/nhassl3/hairdress_arz/internal/repository/redis/verify_redis.go:91.105,100.2 1 0
github.com/nhassl3/hairdress_arz/internal/repository/redis/verify_redis.go:102.98,104.79 2 0
github.com/nhassl3/hairdress_arz/internal/repository/redis/verify_redis.go:104.79,105.32 1 0
github.com/nhassl3/hairdress_arz/internal/repository/redis/verify_redis.go:105.32,107.4 1 0
github.com/nhassl3/hairdress_arz/internal/repository/redis/verify_redis.go:108.3,108.76 1 0
github.com/nhassl3/hairdress_arz/internal/repository/redis/verify_redis.go:110.2,110.39 1 0
github.com/nhassl3/hairdress_arz/internal/repository/redis/verify_redis.go:110.39,112.3 1 0
github.com/nhassl3/hairdress_arz/internal/repository/redis/verify_redis.go:113.2,113.20 1 0
github.com/nhassl3/hairdress_arz/internal/repository/redis/verify_redis.go:116.78,118.2 1 0
github.com/nhassl3/hairdress_arz/internal/repository/redis/verify_redis.go:122.97,124.16 2 0
github.com/nhassl3/hairdress_arz/internal/repository/redis/verify_redis.go:124.16,126.3 1 0
github.com/nhassl3/hairdress_arz/internal/repository/redis/verify_redis.go:127.2,128.26 2 0
github.com/nhassl3/hairdress_arz/internal/repository/redis/verify_redis.go:128.26,130.3 1 0
github.com/nhassl3/hairdress_arz/internal/repository/redis/verify_redis.go:131.2,131.29 1 0
github.com/nhassl3/hairdress_arz/internal/repository/redis/verify_redis.go:134.56,134.76 1 0
github.com/nhassl3/hairdress_arz/internal/repository/redis/verify_redis.go:135.56,135.77 1 0
github.com/nhassl3/hairdress_arz/internal/repository/redis/verify_redis.go:136.56,136.77 1 0
github.com/nhassl3/hairdress_arz/internal/repository/redis/verify_redis.go:138.94,140.2 1 0
github.com/nhassl3/hairdress_arz/internal/repository/redis/verify_redis.go:142.108,144.2 1 0
github.com/nhassl3/hairdress_arz/internal/repository/redis/verify_redis.go:148.98,149.60 1 0
github.com/nhassl3/hairdress_arz/internal/repository/redis/verify_redis.go:149.60,151.3 1 0
github.com/nhassl3/hairdress_arz/internal/repository/redis/verify_redis.go:152.2,152.48 1 0
github.com/nhassl3/hairdress_arz/internal/repository/redis/verify_redis.go:152.48,154.3 1 0
github.com/nhassl3/hairdress_arz/internal/repository/redis/verify_redis.go:155.2,155.12 1 0
github.com/nhassl3/hairdress_arz/internal/repository/redis/verify_redis.go:158.85,160.2 1 0
github.com/nhassl3/hairdress_arz/internal/repository/redis/verify_redis.go:164.110,166.88 2 0
github.com/nhassl3/hairdress_arz/internal/repository/redis/verify_redis.go:166.88,167.32 1 0
github.com/nhassl3/hairdress_arz/internal/repository/redis/verify_redis.go:167.32,169.4 1 0
github.com/nhassl3/hairdress_arz/internal/repository/redis/verify_redis.go:170.3,170.18 1 0
github.com/nhassl3/hairdress_arz/internal/repository/redis/verify_redis.go:172.2,172.21 1 0
github.com/nhassl3/hairdress_arz/internal/repository/redis/verify_redis.go:175.118,177.2 1 0
github.com/nhassl3/hairdress_arz/internal/repository/redis/verify_redis.go:179.87,181.2 1 0
github.com/nhassl3/hairdress_arz/internal/transport/grpc/interceptors/auth.go:32.82,33.112 1 0
github.com/nhassl3/hairdress_arz/internal/transport/grpc/interceptors/auth.go:33.112,34.54 1 0
github.com/nhassl3/hairdress_arz/internal/transport/grpc/interceptors/auth.go:34.54,36.4 1 0
github.com/nhassl3/hairdress_arz/internal/transport/grpc/interceptors/auth.go:38.3,39.10 2 0
github.com/nhassl3/hairdress_arz/internal/transport/grpc/interceptors/auth.go:39.10,41.4 1 0
github.com/nhassl3/hairdress_arz/internal/transport/grpc/interceptors/auth.go:43.3,44.23 2 0
github.com/nhassl3/hairdress_arz/internal/transport/grpc/interceptors/auth.go:44.23,46.4 1 0
github.com/nhassl3/hairdress_arz/internal/transport/grpc/interceptors/auth.go:48.3,49.48 2 0
github.com/nhassl3/hairdress_arz/internal/transport/grpc/interceptors/auth.go:49.48,51.4 1 0
github.com/nhassl3/hairdress_arz/internal/transport/grpc/interceptors/auth.go:53.3,56.17 3 0
github.com/nhassl3/hairdress_arz/internal/transport/grpc/interceptors/auth.go:56.17,57.23 1 0
github.com/nhassl3/hairdress_arz/internal/transport/grpc/interceptors/auth.go:57.23,59.5 1 0
github.com/nhassl3/hairdress_arz/internal/transport/grpc/interceptors/auth.go:60.4,60.79 1 0
github.com/nhassl3/hairdress_arz/internal/transport/grpc/interceptors/auth.go:63.3,64.27 2 0
github.com/nhassl3/hairdress_arz/internal/transport/grpc/interceptors/auth.go:69.68,72.2 2 0
github.com/nhassl3/hairdress_arz/internal/transport/grpc/interceptors/auth.go:74.53,76.9 2 0
github.com/nhassl3/hairdress_arz/internal/transport/grpc/interceptors/auth.go:76.9,78.3 1 0
github.com/nhassl3/hairdress_arz/internal/transport/grpc/interceptors/auth.go:79.2,79.25 1 0
github.com/nhassl3/hairdress_arz/internal/transport/grpc/interceptors/logging.go:13.73,14.112 1 0
github.com/nhassl3/hairdress_arz/internal/transport/grpc/interceptors/logging.go:14.112,29.3 6 0
github.com/nhassl3/hairdress_arz/internal/transport/grpc/interceptors/recovery.go:14.74,15.121 1 0
github.com/nhassl3/hairdress_arz/internal/transport/grpc/interceptors/recovery.go:15.121,16.16 1 0
github.com/nhassl3/hairdress_arz/internal/transport/grpc/interceptors/recovery.go:16.16,17.32 1 0
github.com/nhassl3/hairdress_arz/internal/transport/grpc/interceptors/recovery.go:17.32,24.5 2 0
github.com/nhassl3/hairdress_arz/internal/transport/grpc/interceptors/recovery.go:26.3,26.27 1 0
github.com/nhassl3/hairdress_arz/internal/transport/grpc/auth_handler.go:21.60,25.2 1 0
github.com/nhassl3/hairdress_arz/internal/transport/grpc/auth_handler.go:27.106,29.37 2 0
github.com/nhassl3/hairdress_arz/internal/transport/grpc/auth_handler.go:30.34,31.53 1 0
github.com/nhassl3/hairdress_arz/internal/transport/grpc/auth_handler.go:32.37,33.59 1 0
github.com/nhassl3/hairdress_arz/internal/transport/grpc/auth_handler.go:34.40,35.65 1 0
github.com/nhassl3/hairdress_arz/internal/transport/grpc/auth_handler.go:36.10,37.56 1 0
github.com/nhassl3/hairdress_arz/internal/transport/grpc/auth_handler.go:40.2,41.16 2 0
github.com/nhassl3/hairdress_arz/internal/transport/grpc/auth_handler.go:41.16,43.3 1 0
github.com/nhassl3/hairdress_arz/internal/transport/grpc/auth_handler.go:44.2,47.8 1 0
github.com/nhassl3/hairdress_arz/internal/transport/grpc/auth_handler.go:50.125,52.16 2 0
github.com/nhassl3/hairdress_arz/internal/transport/grpc/auth_handler.go:52.16,54.3 1 0
github.com/nhassl3/hairdress_arz/internal/transport/grpc/auth_handler.go:55.2,59.8 1 0
github.com/nhassl3/hairdress_arz/internal/transport/grpc/auth_handler.go:62.112,68.16 2 0
github.com/nhassl3/hairdress_arz/internal/transport/grpc/auth_handler.go:68.16,70.3 1 0
github.com/nhassl3/hairdress_arz/internal/transport/grpc/auth_handler.go:71.2,75.8 1 0
github.com/nhassl3/hairdress_arz/internal/transport/grpc/auth_handler.go:78.108,80.9 2 0
github.com/nhassl3/hairdress_arz/internal/transport/grpc/auth_handler.go:80.9,82.3 1 0
github.com/nhassl3/hairdress_arz/internal/transport/grpc/auth_handler.go:84.2,84.51 1 0
github.com/nhassl3/hairdress_arz/internal/transport/grpc/auth_handler.go:84.51,86.3 1 0
github.com/nhassl3/hairdress_arz/internal/transport/grpc/auth_handler.go:88.2,88.51 1 0
github.com/nhassl3/hairdress_arz/internal/transport/grpc/auth_handler.go:91.128,93.16 2 0
github.com/nhassl3/hairdress_arz/internal/transport/grpc/auth_handler.go:93.16,95.3 1 0
github.com/nhassl3/hairdress_arz/internal/transport/grpc/auth_handler.go:96.2,96.19 1 0
github.com/nhassl3/hairdress_arz/internal/transport/grpc/auth_handler.go:96.19,98.3 1 0
github.com/nhassl3/hairdress_arz/internal/transport/grpc/auth_handler.go:99.2,102.8 1 0
github.com/nhassl3/hairdress_arz/internal/transport/grpc/auth_handler.go:105.107,107.20 2 0
github.com/nhassl3/hairdress_arz/internal/transport/grpc/auth_handler.go:107.20,109.3 1 0
github.com/nhassl3/hairdress_arz/internal/transport/grpc/auth_handler.go:110.2,111.16 2 0
github.com/nhassl3/hairdress_arz/internal/transport/grpc/auth_handler.go:111.16,113.3 1 0
github.com/nhassl3/hairdress_arz/internal/transport/grpc/auth_handler.go:114.2,116.8 1 0
github.com/nhassl3/hairdress_arz/internal/transport/grpc/auth_handler.go:119.125,120.39 1 0
github.com/nhassl3/hairdress_arz/internal/transport/grpc/auth_handler.go:120.39,122.3 1 0
github.com/nhassl3/hairdress_arz/internal/transport/grpc/auth_handler.go:124.2,125.37 2 0
github.com/nhassl3/hairdress_arz/internal/transport/grpc/auth_handler.go:126.40,127.26 1 0
github.com/nhassl3/hairdress_arz/internal/transport/grpc/auth_handler.go:128.46,129.38 1 0
github.com/nhassl3/hairdress_arz/internal/transport/grpc/auth_handler.go:130.10,131.56 1 0
github.com/nhassl3/hairdress_arz/internal/transport/grpc/auth_handler.go:134.2,135.16 2 0
github.com/nhassl3/hairdress_arz/internal/transport/grpc/auth_handler.go:135.16,137.3 1 0
github.com/nhassl3/hairdress_arz/internal/transport/grpc/auth_handler.go:138.2,140.8 1 0
github.com/nhassl3/hairdress_arz/internal/transport/grpc/auth_handler.go:143.146,144.39 1 0
github.com/nhassl3/hairdress_arz/internal/transport/grpc/auth_handler.go:144.39,146.3 1 0
github.com/nhassl3/hairdress_arz/internal/transport/grpc/auth_handler.go:148.2,149.16 2 0
github.com/nhassl3/hairdress_arz/internal/transport/grpc/auth_handler.go:149.16,151.3 1 0
github.com/nhassl3/hairdress_arz/internal/transport/grpc/auth_handler.go:153.2,155.8 1 0
github.com/nhassl3/hairdress_arz/internal/transport/grpc/auth_handler.go:158.125,160.16 2 0
github.com/nhassl3/hairdress_arz/internal/transport/grpc/auth_handler.go:160.16,162.3 1 0
github.com/nhassl3/hairdress_arz/internal/transport/grpc/auth_handler.go:163.2,166.8 1 0
github.com/nhassl3/hairdress_arz/internal/transport/grpc/auth_handler.go:171.52,181.2 1 0
github.com/nhassl3/hairdress_arz/internal/transport/grpc/auth_handler.go:185.56,186.16 1 0
github.com/nhassl3/hairdress_arz/internal/transport/grpc/auth_handler.go:186.16,188.3 1 0
github.com/nhassl3/hairdress_arz/internal/transport/grpc/auth_handler.go:189.2,189.27 1 0
github.com/nhassl3/hairdress_arz/internal/transport/grpc/booking_handler.go:33.69,37.2 1 0
github.com/nhassl3/hairdress_arz/internal/transport/grpc/booking_handler.go:39.140,40.39 1 0
github.com/nhassl3/hairdress_arz/internal/transport/grpc/booking_handler.go:40.39,42.3 1 0
github.com/nhassl3/hairdress_arz/internal/transport/grpc/booking_handler.go:43.2,53.16 2 0
github.com/nhassl3/hairdress_arz/internal/transport/grpc/booking_handler.go:53.16,55.3 1 0
github.com/nhassl3/hairdress_arz/internal/transport/grpc/booking_handler.go:56.2,58.8 1 0
github.com/nhassl3/hairdress_arz/internal/transport/grpc/booking_handler.go:61.131,62.39 1 0
github.com/nhassl3/hairdress_arz/internal/transport/grpc/booking_handler.go:62.39,64.3 1 0
github.com/nhassl3/hairdress_arz/internal/transport/grpc/booking_handler.go:65.2,69.37 2 0
github.com/nhassl3/hairdress_arz/internal/transport/grpc/booking_handler.go:70.45,73.5 1 0
github.com/nhassl3/hairdress_arz/internal/transport/grpc/booking_handler.go:74.46,77.5 1 0
github.com/nhassl3/hairdress_arz/internal/transport/grpc/booking_handler.go:78.44,81.5 1 0
github.com/nhassl3/hairdress_arz/internal/transport/grpc/booking_handler.go:82.50,85.5 1 0
github.com/nhassl3/hairdress_arz/internal/transport/grpc/booking_handler.go:86.39,89.5 1 0
github.com/nhassl3/hairdress_arz/internal/transport/grpc/booking_handler.go:90.10,91.77 1 0
github.com/nhassl3/hairdress_arz/internal/transport/grpc/booking_handler.go:93.2,93.16 1 0
github.com/nhassl3/hairdress_arz/internal/transport/grpc/booking_handler.go:93.16,95.3 1 0
github.com/nhassl3/hairdress_arz/internal/transport/grpc/booking_handler.go:96.2,97.22 2 0
github.com/nhassl3/hairdress_arz/internal/transport/grpc/booking_handler.go:97.22,99.3 1 0
github.com/nhassl3/hairdress_arz/internal/transport/grpc/booking_handler.go:100.2,102.8 1 0
github.com/nhassl3/hairdress_arz/internal/transport/grpc/booking_handler.go:105.62,106.20 1 0
github.com/nhassl3/hairdress_arz/internal/transport/grpc/booking_handler.go:106.20,108.3 1 0
github.com/nhassl3/hairdress_arz/internal/transport/grpc/booking_handler.go:109.2,121.3 1 0
github.com/nhassl3/hairdress_arz/internal/transport/grpc/booking_handler.go:124.68,126.43 2 0
github.com/nhassl3/hairdress_arz/internal/transport/grpc/booking_handler.go:126.43,128.3 1 0
github.com/nhassl3/hairdress_arz/internal/transport/grpc/booking_handler.go:129.2,130.35 2 0
github.com/nhassl3/hairdress_arz/internal/transport/grpc/booking_handler.go:130.35,132.26 2 0
github.com/nhassl3/hairdress_arz/internal/transport/grpc/booking_handler.go:132.26,134.4 1 0
github.com/nhassl3/hairdress_arz/internal/transport/grpc/booking_handler.go:136.2,136.22 1 0
github.com/nhassl3/hairdress_arz/internal/transport/grpc/errors.go:14.33,15.9 1 0
github.com/nhassl3/hairdress_arz/internal/transport/grpc/errors.go:16.46,17.51 1 0
github.com/nhassl3/hairdress_arz/internal/transport/grpc/errors.go:18.55,19.56 1 0
github.com/nhassl3/hairdress_arz/internal/transport/grpc/errors.go:20.52,21.56 1 0
github.com/nhassl3/hairdress_arz/internal/transport/grpc/errors.go:22.45,23.58 1 0
github.com/nhassl3/hairdress_arz/internal/transport/grpc/errors.go:24.43,25.59 1 0
github.com/nhassl3/hairdress_arz/internal/transport/grpc/errors.go:26.49,27.59 1 0
github.com/nhassl3/hairdress_arz/internal/transport/grpc/errors.go:28.45,29.58 1 0
github.com/nhassl3/hairdress_arz/internal/transport/grpc/errors.go:30.49,31.61 1 0
github.com/nhassl3/hairdress_arz/internal/transport/grpc/errors.go:32.48,33.61 1 0
github.com/nhassl3/hairdress_arz/internal/transport/grpc/errors.go:34.45,35.61 1 0
github.com/nhassl3/hairdress_arz/internal/transport/grpc/errors.go:36.47,37.51 1 0
github.com/nhassl3/hairdress_arz/internal/transport/grpc/errors.go:38.46,39.58 1 0
github.com/nhassl3/hairdress_arz/internal/transport/grpc/errors.go:40.43,41.54 1 0
github.com/nhassl3/hairdress_arz/internal/transport/grpc/errors.go:42.52,43.58 1 0
github.com/nhassl3/hairdress_arz/internal/transport/grpc/errors.go:44.54,45.58 1 0
github.com/nhassl3/hairdress_arz/internal/transport/grpc/errors.go:46.47,47.59 1 0
github.com/nhassl3/hairdress_arz/internal/transport/grpc/errors.go:48.44,49.51 1 0
github.com/nhassl3/hairdress_arz/internal/transport/grpc/errors.go:50.47,51.58 1 0
github.com/nhassl3/hairdress_arz/internal/transport/grpc/errors.go:52.10,53.93 1 0
github.com/nhassl3/hairdress_arz/internal/transport/grpc/server.go:37.93,55.2 5 0
github.com/nhassl3/hairdress_arz/internal/transport/grpc/server.go:60.54,63.2 2 0
github.com/nhassl3/hairdress_arz/internal/transport/grpc/server.go:66.43,68.16 2 0
github.com/nhassl3/hairdress_arz/internal/transport/grpc/server.go:68.16,70.3 1 0
github.com/nhassl3/hairdress_arz/internal/transport/grpc/server.go:71.2,72.32 2 0
github.com/nhassl3/hairdress_arz/internal/transport/grpc/server.go:80.85,85.16 2 0
github.com/nhassl3/hairdress_arz/internal/transport/grpc/server.go:85.16,87.3 1 0
github.com/nhassl3/hairdress_arz/internal/transport/grpc/server.go:89.2,105.4 2 0
github.com/nhassl3/hairdress_arz/internal/transport/grpc/server.go:105.4,106.44 1 0
github.com/nhassl3/hairdress_arz/internal/transport/grpc/server.go:106.44,108.4 1 0
github.com/nhassl3/hairdress_arz/internal/transport/grpc/server.go:111.2,112.59 2 0
github.com/nhassl3/hairdress_arz/internal/transport/grpc/server.go:118.53,124.71 2 0
github.com/nhassl3/hairdress_arz/internal/transport/grpc/server.go:124.71,126.42 2 0
github.com/nhassl3/hairdress_arz/internal/transport/grpc/server.go:126.42,131.4 4 0
github.com/nhassl3/hairdress_arz/internal/transport/grpc/server.go:134.3,134.37 1 0
github.com/nhassl3/hairdress_arz/internal/transport/grpc/server.go:134.37,137.4 2 0
github.com/nhassl3/hairdress_arz/internal/transport/grpc/server.go:139.3,139.23 1 0
github.com/nhassl3/hairdress_arz/internal/transport/grpc/server.go:144.52,147.2 2 0
github.com/nhassl3/hairdress_arz/internal/service/auth_service.go:37.16,47.2 1 0
github.com/nhassl3/hairdress_arz/internal/service/auth_service.go:49.129,54.78 3 0
github.com/nhassl3/hairdress_arz/internal/service/auth_service.go:54.78,56.3 1 0
github.com/nhassl3/hairdress_arz/internal/service/auth_service.go:58.2,60.9 2 0
github.com/nhassl3/hairdress_arz/internal/service/auth_service.go:61.30,63.30 2 0
github.com/nhassl3/hairdress_arz/internal/service/auth_service.go:64.27,66.27 2 0
github.com/nhassl3/hairdress_arz/internal/service/auth_service.go:67.33,69.34 2 0
github.com/nhassl3/hairdress_arz/internal/service/auth_service.go:70.10,71.81 1 0
github.com/nhassl3/hairdress_arz/internal/service/auth_service.go:73.2,73.16 1 0
github.com/nhassl3/hairdress_arz/internal/service/auth_service.go:73.16,75.3 1 0
github.com/nhassl3/hairdress_arz/internal/service/auth_service.go:77.2,77.73 1 0
github.com/nhassl3/hairdress_arz/internal/service/auth_service.go:77.73,79.3 1 0
github.com/nhassl3/hairdress_arz/internal/service/auth_service.go:81.2,81.24 1 0
github.com/nhassl3/hairdress_arz/internal/service/auth_service.go:82.22,83.81 1 0
github.com/nhassl3/hairdress_arz/internal/service/auth_service.go:84.15,85.70 1 0
github.com/nhassl3/hairdress_arz/internal/service/auth_service.go:86.10,87.29 1 0
github.com/nhassl3/hairdress_arz/internal/service/auth_service.go:87.29,89.4 1 0
github.com/nhassl3/hairdress_arz/internal/service/auth_service.go:89.9,89.30 1 0
github.com/nhassl3/hairdress_arz/internal/service/auth_service.go:89.30,91.4 1 0
github.com/nhassl3/hairdress_arz/internal/service/auth_service.go:93.2,93.16 1 0
github.com/nhassl3/hairdress_arz/internal/service/auth_service.go:93.16,95.3 1 0
github.com/nhassl3/hairdress_arz/internal/service/auth_service.go:97.2,97.64 1 0
github.com/nhassl3/hairdress_arz/internal/service/auth_service.go:97.64,99.3 1 0
github.com/nhassl3/hairdress_arz/internal/service/auth_service.go:101.2,101.31 1 0
github.com/nhassl3/hairdress_arz/internal/service/auth_service.go:104.104,105.17 1 0
github.com/nhassl3/hairdress_arz/internal/service/auth_service.go:105.17,107.3 1 0
github.com/nhassl3/hairdress_arz/internal/service/auth_service.go:109.2,109.99 1 0
github.com/nhassl3/hairdress_arz/internal/service/auth_service.go:109.99,111.3 1 0
github.com/nhassl3/hairdress_arz/internal/service/auth_service.go:112.2,112.93 1 0
github.com/nhassl3/hairdress_arz/internal/service/auth_service.go:112.93,114.3 1 0
github.com/nhassl3/hairdress_arz/internal/service/auth_service.go:116.2,123.16 3 0
github.com/nhassl3/hairdress_arz/internal/service/auth_service.go:123.16,125.3 1 0
github.com/nhassl3/hairdress_arz/internal/service/auth_service.go:127.2,127.56 1 0
github.com/nhassl3/hairdress_arz/internal/service/auth_service.go:127.56,129.3 1 0
github.com/nhassl3/hairdress_arz/internal/service/auth_service.go:131.2,131.25 1 0
github.com/nhassl3/hairdress_arz/internal/service/auth_service.go:134.110,136.16 2 0
github.com/nhassl3/hairdress_arz/internal/service/auth_service.go:136.16,138.17 2 0
github.com/nhassl3/hairdress_arz/internal/service/auth_service.go:138.17,140.4 1 0
github.com/nhassl3/hairdress_arz/internal/service/auth_service.go:143.2,144.9 2 0
github.com/nhassl3/hairdress_arz/internal/service/auth_service.go:145.50,146.56 1 0
github.com/nhassl3/hairdress_arz/internal/service/auth_service.go:147.62,148.68 1 0
github.com/nhassl3/hairdress_arz/internal/service/auth_service.go:149.10,150.86 1 0
github.com/nhassl3/hairdress_arz/internal/service/auth_service.go:152.2,152.16 1 0
github.com/nhassl3/hairdress_arz/internal/service/auth_service.go:152.16,154.3 1 0
github.com/nhassl3/hairdress_arz/internal/service/auth_service.go:156.2,157.16 2 0
github.com/nhassl3/hairdress_arz/internal/service/auth_service.go:157.16,159.3 1 0
github.com/nhassl3/hairdress_arz/internal/service/auth_service.go:161.2,162.140 2 0
github.com/nhassl3/hairdress_arz/internal/service/auth_service.go:162.140,164.3 1 0
github.com/nhassl3/hairdress_arz/internal/service/auth_service.go:166.2,169.71 3 0
github.com/nhassl3/hairdress_arz/internal/service/auth_service.go:169.71,171.3 1 0
github.com/nhassl3/hairdress_arz/internal/service/auth_service.go:173.2,173.26 1 0
github.com/nhassl3/hairdress_arz/internal/service/auth_service.go:176.119,179.82 2 0
github.com/nhassl3/hairdress_arz/internal/service/auth_service.go:179.82,181.3 1 0
github.com/nhassl3/hairdress_arz/internal/service/auth_service.go:183.2,183.28 1 0
github.com/nhassl3/hairdress_arz/internal/service/auth_service.go:183.28,186.17 3 0
github.com/nhassl3/hairdress_arz/internal/service/auth_service.go:186.17,188.4 1 0
github.com/nhassl3/hairdress_arz/internal/service/auth_service.go:189.3,189.24 1 0
github.com/nhassl3/hairdress_arz/internal/service/auth_service.go:189.24,192.18 3 0
github.com/nhassl3/hairdress_arz/internal/service/auth_service.go:192.18,194.5 1 0
github.com/nhassl3/hairdress_arz/internal/service/auth_service.go:196.3,196.23 1 0
github.com/nhassl3/hairdress_arz/internal/service/auth_service.go:198.2,199.16 2 0
github.com/nhassl3/hairdress_arz/internal/service/auth_service.go:199.16,201.3 1 0
github.com/nhassl3/hairdress_arz/internal/service/auth_service.go:203.2,204.16 2 0
github.com/nhassl3/hairdress_arz/internal/service/auth_service.go:204.16,206.3 1 0
github.com/nhassl3/hairdress_arz/internal/service/auth_service.go:208.2,208.73 1 0
github.com/nhassl3/hairdress_arz/internal/service/auth_service.go:208.73,210.3 1 0
github.com/nhassl3/hairdress_arz/internal/service/auth_service.go:212.2,212.139 1 0
github.com/nhassl3/hairdress_arz/internal/service/auth_service.go:212.139,214.3 1 0
github.com/nhassl3/hairdress_arz/internal/service/auth_service.go:216.2,216.64 1 0
github.com/nhassl3/hairdress_arz/internal/service/auth_service.go:216.64,218.3 1 0
github.com/nhassl3/hairdress_arz/internal/service/auth_service.go:220.2,220.26 1 0
github.com/nhassl3/hairdress_arz/internal/service/auth_service.go:223.113,224.66 1 0
github.com/nhassl3/hairdress_arz/internal/service/auth_service.go:224.66,225.17 1 0
github.com/nhassl3/hairdress_arz/internal/service/auth_service.go:225.17,227.4 1 0
github.com/nhassl3/hairdress_arz/internal/service/auth_service.go:228.3,228.36 1 0
github.com/nhassl3/hairdress_arz/internal/service/auth_service.go:232.2,232.23 1 0
github.com/nhassl3/hairdress_arz/internal/service/auth_service.go:232.23,234.17 2 0
github.com/nhassl3/hairdress_arz/internal/service/auth_service.go:234.17,236.4 1 0
github.com/nhassl3/hairdress_arz/internal/service/auth_service.go:237.3,237.31 1 0
github.com/nhassl3/hairdress_arz/internal/service/auth_service.go:237.31,239.4 1 0
github.com/nhassl3/hairdress_arz/internal/service/auth_service.go:241.3,241.46 1 0
github.com/nhassl3/hairdress_arz/internal/service/auth_service.go:244.2,245.14 2 0
github.com/nhassl3/hairdress_arz/internal/service/auth_service.go:245.14,247.17 2 0
github.com/nhassl3/hairdress_arz/internal/service/auth_service.go:247.17,248.9 1 0
github.com/nhassl3/hairdress_arz/internal/service/auth_service.go:251.2,251.16 1 0
github.com/nhassl3/hairdress_arz/internal/service/auth_service.go:251.16,253.3 1 0
github.com/nhassl3/hairdress_arz/internal/service/auth_service.go:255.2,255.23 1 0
github.com/nhassl3/hairdress_arz/internal/service/auth_service.go:255.23,257.3 1 0
github.com/nhassl3/hairdress_arz/internal/service/auth_service.go:259.2,259.99 1 0
github.com/nhassl3/hairdress_arz/internal/service/auth_service.go:259.99,261.3 1 0
github.com/nhassl3/hairdress_arz/internal/service/auth_service.go:263.2,264.141 1 0
github.com/nhassl3/hairdress_arz/internal/service/auth_service.go:264.141,266.3 1 0
github.com/nhassl3/hairdress_arz/internal/service/auth_service.go:268.2,268.56 1 0
github.com/nhassl3/hairdress_arz/internal/service/auth_service.go:268.56,270.3 1 0
github.com/nhassl3/hairdress_arz/internal/service/auth_service.go:272.2,272.25 1 0
github.com/nhassl3/hairdress_arz/internal/service/auth_service.go:275.135,277.16 2 0
github.com/nhassl3/hairdress_arz/internal/service/auth_service.go:277.16,279.3 1 0
github.com/nhassl3/hairdress_arz/internal/service/auth_service.go:280.2,280.40 1 0
github.com/nhassl3/hairdress_arz/internal/service/auth_service.go:280.40,282.3 1 0
github.com/nhassl3/hairdress_arz/internal/service/auth_service.go:284.2,284.30 1 0
github.com/nhassl3/hairdress_arz/internal/service/auth_service.go:284.30,286.3 1 0
github.com/nhassl3/hairdress_arz/internal/service/auth_service.go:289.2,291.60 3 0
github.com/nhassl3/hairdress_arz/internal/service/auth_service.go:291.60,294.3 2 0
github.com/nhassl3/hairdress_arz/internal/service/auth_service.go:294.8,294.55 1 0
github.com/nhassl3/hairdress_arz/internal/service/auth_service.go:294.55,297.3 2 0
github.com/nhassl3/hairdress_arz/internal/service/auth_service.go:300.2,300.21 1 0
github.com/nhassl3/hairdress_arz/internal/service/auth_service.go:300.21,301.75 1 0
github.com/nhassl3/hairdress_arz/internal/service/auth_service.go:301.75,303.4 1 0
github.com/nhassl3/hairdress_arz/internal/service/auth_service.go:306.2,306.69 1 0
github.com/nhassl3/hairdress_arz/internal/service/auth_service.go:306.69,309.20 2 0
github.com/nhassl3/hairdress_arz/internal/service/auth_service.go:309.20,312.4 1 0
github.com/nhassl3/hairdress_arz/internal/service/auth_service.go:313.3,313.22 1 0
github.com/nhassl3/hairdress_arz/internal/service/auth_service.go:313.22,315.4 1 0
github.com/nhassl3/hairdress_arz/internal/service/auth_service.go:316.3,316.21 1 0
github.com/nhassl3/hairdress_arz/internal/service/auth_service.go:316.21,318.4 1 0
github.com/nhassl3/hairdress_arz/internal/service/auth_service.go:319.3,319.35 1 0
github.com/nhassl3/hairdress_arz/internal/service/auth_service.go:322.2,326.48 3 0
github.com/nhassl3/hairdress_arz/internal/service/auth_service.go:326.48,328.3 1 0
github.com/nhassl3/hairdress_arz/internal/service/auth_service.go:328.8,330.3 1 0
github.com/nhassl3/hairdress_arz/internal/service/auth_service.go:332.2,332.82 1 0
github.com/nhassl3/hairdress_arz/internal/service/auth_service.go:332.82,334.3 1 0
github.com/nhassl3/hairdress_arz/internal/service/auth_service.go:336.2,336.19 1 0
github.com/nhassl3/hairdress_arz/internal/service/auth_service.go:339.94,340.78 1 0
github.com/nhassl3/hairdress_arz/internal/service/auth_service.go:340.78,341.17 1 0
github.com/nhassl3/hairdress_arz/internal/service/auth_service.go:341.17,343.4 1 0
github.com/nhassl3/hairdress_arz/internal/service/auth_service.go:344.3,344.32 1 0
github.com/nhassl3/hairdress_arz/internal/service/auth_service.go:347.2,348.16 2 0
github.com/nhassl3/hairdress_arz/internal/service/auth_service.go:348.16,350.3 1 0
github.com/nhassl3/hairdress_arz/internal/service/auth_service.go:351.2,351.40 1 0
github.com/nhassl3/hairdress_arz/internal/service/auth_service.go:351.40,353.3 1 0
github.com/nhassl3/hairdress_arz/internal/service/auth_service.go:354.2,354.30 1 0
github.com/nhassl3/hairdress_arz/internal/service/auth_service.go:354.30,356.3 1 0
github.com/nhassl3/hairdress_arz/internal/service/auth_service.go:358.2,358.69 1 0
github.com/nhassl3/hairdress_arz/internal/service/auth_service.go:358.69,360.3 1 0
github.com/nhassl3/hairdress_arz/internal/service/auth_service.go:362.2,364.12 2 0
github.com/nhassl3/hairdress_arz/internal/service/auth_service.go:367.90,368.41 1 0
github.com/nhassl3/hairdress_arz/internal/service/auth_service.go:368.41,369.84 1 0
github.com/nhassl3/hairdress_arz/internal/service/auth_service.go:369.84,371.4 1 0
github.com/nhassl3/hairdress_arz/internal/service/auth_service.go:372.3,372.71 1 0
github.com/nhassl3/hairdress_arz/internal/service/auth_service.go:372.71,374.4 1 0
github.com/nhassl3/hairdress_arz/internal/service/auth_service.go:375.3,375.71 1 0
github.com/nhassl3/hairdress_arz/internal/service/auth_service.go:375.71,377.4 1 0
github.com/nhassl3/hairdress_arz/internal/service/auth_service.go:378.3,378.57 1 0
github.com/nhassl3/hairdress_arz/internal/service/auth_service.go:380.2,380.31 1 0
github.com/nhassl3/hairdress_arz/internal/service/auth_service.go:383.98,385.16 2 0
github.com/nhassl3/hairdress_arz/internal/service/auth_service.go:385.16,387.3 1 0
github.com/nhassl3/hairdress_arz/internal/service/auth_service.go:389.2,390.16 2 0
github.com/nhassl3/hairdress_arz/internal/service/auth_service.go:390.16,391.46 1 0
github.com/nhassl3/hairdress_arz/internal/service/auth_service.go:391.46,393.18 2 0
github.com/nhassl3/hairdress_arz/internal/service/auth_service.go:393.18,395.5 1 0
github.com/nhassl3/hairdress_arz/internal/service/auth_service.go:396.4,396.63 1 0
github.com/nhassl3/hairdress_arz/internal/service/auth_service.go:396.63,398.5 1 0
github.com/nhassl3/hairdress_arz/internal/service/auth_service.go:399.9,401.4 1 0
github.com/nhassl3/hairdress_arz/internal/service/auth_service.go:404.2,404.41 1 0
github.com/nhassl3/hairdress_arz/internal/service/auth_service.go:404.41,406.3 1 0
github.com/nhassl3/hairdress_arz/internal/service/auth_service.go:406.8,406.30 1 0
github.com/nhassl3/hairdress_arz/internal/service/auth_service.go:406.30,408.3 1 0
github.com/nhassl3/hairdress_arz/internal/service/auth_service.go:410.2,411.16 2 0
github.com/nhassl3/hairdress_arz/internal/service/auth_service.go:411.16,413.3 1 0
github.com/nhassl3/hairdress_arz/internal/service/auth_service.go:415.2,418.8 1 0
github.com/nhassl3/hairdress_arz/internal/service/auth_service.go:421.89,423.16 2 0
github.com/nhassl3/hairdress_arz/internal/service/auth_service.go:423.16,424.45 1 0
github.com/nhassl3/hairdress_arz/internal/service/auth_service.go:424.45,426.18 2 0
github.com/nhassl3/hairdress_arz/internal/service/auth_service.go:426.18,428.5 1 0
github.com/nhassl3/hairdress_arz/internal/service/auth_service.go:430.3,430.88 1 0
github.com/nhassl3/hairdress_arz/internal/service/auth_service.go:432.2,432.18 1 0
github.com/nhassl3/hairdress_arz/internal/service/auth_service.go:437.35,439.2 1 0
github.com/nhassl3/hairdress_arz/internal/service/auth_service.go:441.112,442.111 1 0
github.com/nhassl3/hairdress_arz/internal/service/auth_service.go:442.111,444.3 1 0
github.com/nhassl3/hairdress_arz/internal/service/auth_service.go:445.2,445.91 1 0
github.com/nhassl3/hairdress_arz/internal/service/auth_service.go:445.91,447.3 1 0
github.com/nhassl3/hairdress_arz/internal/service/auth_service.go:449.2,450.62 2 0
github.com/nhassl3/hairdress_arz/internal/service/auth_service.go:450.62,452.3 1 0
github.com/nhassl3/hairdress_arz/internal/service/auth_service.go:454.2,459.16 2 0
github.com/nhassl3/hairdress_arz/internal/service/auth_service.go:459.16,461.3 1 0
github.com/nhassl3/hairdress_arz/internal/service/auth_service.go:463.2,463.25 1 0
github.com/nhassl3/hairdress_arz/internal/service/auth_service.go:466.91,468.16 2 0
github.com/nhassl3/hairdress_arz/internal/service/auth_service.go:468.16,470.3 1 0
github.com/nhassl3/hairdress_arz/internal/service/auth_service.go:472.2,473.16 2 0
github.com/nhassl3/hairdress_arz/internal/service/auth_service.go:473.16,475.3 1 0
github.com/nhassl3/hairdress_arz/internal/service/auth_service.go:477.2,477.62 1 0
github.com/nhassl3/hairdress_arz/internal/service/auth_service.go:481.87,483.16 2 0
github.com/nhassl3/hairdress_arz/internal/service/auth_service.go:483.16,485.3 1 0
github.com/nhassl3/hairdress_arz/internal/service/auth_service.go:487.2,488.16 2 0
github.com/nhassl3/hairdress_arz/internal/service/auth_service.go:488.16,490.3 1 0
github.com/nhassl3/hairdress_arz/internal/service/auth_service.go:492.2,492.108 1 0
github.com/nhassl3/hairdress_arz/internal/service/auth_service.go:495.137,500.16 2 0
github.com/nhassl3/hairdress_arz/internal/service/auth_service.go:500.16,501.46 1 0
github.com/nhassl3/hairdress_arz/internal/service/auth_service.go:501.46,503.57 2 0
github.com/nhassl3/hairdress_arz/internal/service/auth_service.go:503.57,505.5 1 0
github.com/nhassl3/hairdress_arz/internal/service/auth_service.go:506.9,508.4 1 0
github.com/nhassl3/hairdress_arz/internal/service/auth_service.go:512.2,512.86 1 0
github.com/nhassl3/hairdress_arz/internal/service/auth_service.go:512.86,514.3 1 0
github.com/nhassl3/hairdress_arz/internal/service/auth_service.go:517.2,525.16 2 0
github.com/nhassl3/hairdress_arz/internal/service/auth_service.go:525.16,527.3 1 0
github.com/nhassl3/hairdress_arz/internal/service/auth_service.go:530.2,530.64 1 0
github.com/nhassl3/hairdress_arz/internal/service/auth_service.go:530.64,532.3 1 0
github.com/nhassl3/hairdress_arz/internal/service/auth_service.go:534.2,534.12 1 0
github.com/nhassl3/hairdress_arz/internal/service/auth_service.go:538.86,539.58 1 0
github.com/nhassl3/hairdress_arz/internal/service/auth_service.go:539.58,541.51 2 0
github.com/nhassl3/hairdress_arz/internal/service/auth_service.go:541.51,543.20 2 0
github.com/nhassl3/hairdress_arz/internal/service/auth_service.go:543.20,545.5 1 0
github.com/nhassl3/hairdress_arz/internal/service/auth_service.go:547.3,548.46 2 0
github.com/nhassl3/hairdress_arz/internal/service/auth_service.go:548.46,550.4 1 0
github.com/nhassl3/hairdress_arz/internal/service/auth_service.go:552.2,552.8 1 0
github.com/nhassl3/hairdress_arz/internal/service/booking_service.go:14.78,16.2 1 4
github.com/nhassl3/hairdress_arz/internal/service/booking_service.go:18.129,20.16 2 2
github.com/nhassl3/hairdress_arz/internal/service/booking_service.go:20.16,22.3 1 1
github.com/nhassl3/hairdress_arz/internal/service/booking_service.go:23.2,23.21 1 1
github.com/nhassl3/hairdress_arz/internal/service/booking_service.go:26.126,28.16 2 2
github.com/nhassl3/hairdress_arz/internal/service/booking_service.go:28.16,30.3 1 1
github.com/nhassl3/hairdress_arz/internal/service/booking_service.go:31.2,31.22 1 1
github.com/nhassl3/hairdress_arz/pkg/verify/helpers.go:17.57,22.2 1 0
github.com/nhassl3/hairdress_arz/pkg/verify/helpers.go:26.46,29.16 3 0
github.com/nhassl3/hairdress_arz/pkg/verify/helpers.go:29.16,31.3 1 0
github.com/nhassl3/hairdress_arz/pkg/verify/helpers.go:32.2,32.42 1 0
github.com/nhassl3/hairdress_arz/pkg/verify/helpers.go:35.48,39.2 3 0
github.com/nhassl3/hairdress_arz/pkg/verify/helpers.go:41.54,43.16 2 0
github.com/nhassl3/hairdress_arz/pkg/verify/helpers.go:43.16,45.3 1 0
github.com/nhassl3/hairdress_arz/pkg/verify/helpers.go:47.2,51.45 4 0
github.com/nhassl3/hairdress_arz/pkg/verify/log_verify.go:12.85,20.2 1 0
github.com/nhassl3/hairdress_arz/pkg/verify/log_verify.go:22.57,25.2 2 0
github.com/nhassl3/hairdress_arz/pkg/verify/log_verify.go:27.57,30.2 2 0
github.com/nhassl3/hairdress_arz/pkg/verify/log_verify.go:32.38,34.2 1 0
github.com/nhassl3/hairdress_arz/pkg/verify/verify.go:12.86,20.2 1 0
github.com/nhassl3/hairdress_arz/pkg/verify/verify.go:23.54,25.2 1 0
github.com/nhassl3/hairdress_arz/pkg/verify/verify.go:28.54,30.2 1 0
github.com/nhassl3/hairdress_arz/pkg/verify/verify.go:32.35,34.2 1 0
github.com/nhassl3/hairdress_arz/pkg/verify/mailer/mailer.go:25.67,27.2 1 0
github.com/nhassl3/hairdress_arz/pkg/verify/mailer/mailer.go:29.55,31.2 1 0
github.com/nhassl3/hairdress_arz/pkg/verify/mailer/mailer.go:53.110,54.16 1 0
github.com/nhassl3/hairdress_arz/pkg/verify/mailer/mailer.go:54.16,55.15 1 0
github.com/nhassl3/hairdress_arz/pkg/verify/mailer/mailer.go:56.23,57.34 1 0
github.com/nhassl3/hairdress_arz/pkg/verify/mailer/mailer.go:58.22,59.34 1 0
github.com/nhassl3/hairdress_arz/pkg/verify/mailer/mailer.go:60.11,61.87 1 0
github.com/nhassl3/hairdress_arz/pkg/verify/mailer/mailer.go:65.2,72.17 2 0
github.com/nhassl3/hairdress_arz/pkg/verify/mailer/mailer.go:72.17,74.3 1 0
github.com/nhassl3/hairdress_arz/pkg/verify/mailer/mailer.go:74.8,76.3 1 0
github.com/nhassl3/hairdress_arz/pkg/verify/mailer/mailer.go:78.2,79.16 2 0
github.com/nhassl3/hairdress_arz/pkg/verify/mailer/mailer.go:79.16,81.3 1 0
github.com/nhassl3/hairdress_arz/pkg/verify/mailer/mailer.go:83.2,90.23 2 0
github.com/nhassl3/hairdress_arz/pkg/verify/mailer/mailer.go:90.23,93.3 2 0
github.com/nhassl3/hairdress_arz/pkg/verify/mailer/mailer.go:95.2,95.15 1 0
github.com/nhassl3/hairdress_arz/pkg/verify/mailer/mailer.go:98.31,100.25 2 0
github.com/nhassl3/hairdress_arz/pkg/verify/mailer/mailer.go:100.25,102.68 2 0
github.com/nhassl3/hairdress_arz/pkg/verify/mailer/mailer.go:102.68,104.4 1 0
github.com/nhassl3/hairdress_arz/pkg/verify/mailer/mailer.go:105.3,105.11 1 0
github.com/nhassl3/hairdress_arz/pkg/verify/mailer/mailer.go:109.37,110.9 1 0
github.com/nhassl3/hairdress_arz/pkg/verify/mailer/mailer.go:111.20,111.20 0 0
github.com/nhassl3/hairdress_arz/pkg/verify/mailer/mailer.go:112.10,113.95 1 0
github.com/nhassl3/hairdress_arz/pkg/verify/mailer/mailer.go:117.55,120.12 3 0
github.com/nhassl3/hairdress_arz/pkg/verify/mailer/mailer.go:120.12,123.3 2 0
github.com/nhassl3/hairdress_arz/pkg/verify/mailer/mailer.go:124.2,124.9 1 0
github.com/nhassl3/hairdress_arz/pkg/verify/mailer/mailer.go:125.14,126.13 1 0
github.com/nhassl3/hairdress_arz/pkg/verify/mailer/mailer.go:127.20,128.68 1 0
github.com/nhassl3/hairdress_arz/pkg/verify/mailer/mailer.go:132.86,134.35 2 0
github.com/nhassl3/hairdress_arz/pkg/verify/mailer/mailer.go:134.35,136.3 1 0
github.com/nhassl3/hairdress_arz/pkg/verify/mailer/mailer.go:137.2,137.41 1 0
github.com/nhassl3/hairdress_arz/pkg/verify/mailer/mailer.go:137.41,139.3 1 0
github.com/nhassl3/hairdress_arz/pkg/verify/mailer/mailer.go:140.2,142.70 3 0
github.com/nhassl3/hairdress_arz/pkg/verify/mailer/mailer.go:142.70,144.3 1 0
github.com/nhassl3/hairdress_arz/pkg/verify/mailer/mailer.go:145.2,145.12 1 0
github.com/nhassl3/hairdress_arz/pkg/verify/mailer/mailer.go:148.72,150.16 2 0
github.com/nhassl3/hairdress_arz/pkg/verify/mailer/mailer.go:150.16,152.3 1 0
github.com/nhassl3/hairdress_arz/pkg/verify/mailer/mailer.go:154.2,160.12 2 0
github.com/nhassl3/hairdress_arz/pkg/verify/mailer/renderer.go:16.60,17.39 1 0
github.com/nhassl3/hairdress_arz/pkg/verify/mailer/renderer.go:17.39,19.3 1 0
github.com/nhassl3/hairdress_arz/pkg/verify/mailer/renderer.go:20.2,24.16 2 0
github.com/nhassl3/hairdress_arz/pkg/verify/mailer/renderer.go:24.16,26.3 1 0
github.com/nhassl3/hairdress_arz/pkg/verify/mailer/renderer.go:28.2,29.46 2 0
github.com/nhassl3/hairdress_arz/pkg/verify/mailer/renderer.go:29.46,31.3 1 0
github.com/nhassl3/hairdress_arz/pkg/verify/mailer/renderer.go:33.2,33.27 1 0
